<?xml version="1.0" encoding="UTF-8" ?>
<testsuite tests="3" failures="0" name="com.basic.getRequestBasicsSD.RunnerGETRequestTest" time="0.195" errors="0" skipped="3">
  <properties>
    <property name="java.runtime.name" value="Java(TM) SE Runtime Environment"/>
    <property name="sun.boot.library.path" value="C:\Program Files\Java\jre1.8.0_91\bin"/>
    <property name="java.vm.version" value="25.91-b15"/>
    <property name="java.vm.vendor" value="Oracle Corporation"/>
    <property name="maven.multiModuleProjectDirectory" value="D:\IBM\workspace\CucumberLatestBuild"/>
    <property name="java.vendor.url" value="http://java.oracle.com/"/>
    <property name="path.separator" value=";"/>
    <property name="guice.disable.misplaced.annotation.check" value="true"/>
    <property name="java.vm.name" value="Java HotSpot(TM) 64-Bit Server VM"/>
    <property name="file.encoding.pkg" value="sun.io"/>
    <property name="user.script" value=""/>
    <property name="user.country" value="US"/>
    <property name="sun.java.launcher" value="SUN_STANDARD"/>
    <property name="sun.os.patch.level" value=""/>
    <property name="java.vm.specification.name" value="Java Virtual Machine Specification"/>
    <property name="user.dir" value="D:\IBM\workspace\CucumberLatestBuild"/>
    <property name="java.runtime.version" value="1.8.0_91-b15"/>
    <property name="java.awt.graphicsenv" value="sun.awt.Win32GraphicsEnvironment"/>
    <property name="java.endorsed.dirs" value="C:\Program Files\Java\jre1.8.0_91\lib\endorsed"/>
    <property name="os.arch" value="amd64"/>
    <property name="java.io.tmpdir" value="C:\Users\admin\AppData\Local\Temp\"/>
    <property name="line.separator" value="
"/>
    <property name="java.vm.specification.vendor" value="Oracle Corporation"/>
    <property name="user.variant" value=""/>
    <property name="os.name" value="Windows 10"/>
    <property name="classworlds.conf" value="D:\IBM\workspace\.metadata\.plugins\org.eclipse.m2e.launching\launches\m2conf3730989179537829903.tmp"/>
    <property name="sun.jnu.encoding" value="Cp1252"/>
    <property name="java.library.path" value="C:\Program Files\Java\jre1.8.0_91\bin;C:\WINDOWS\Sun\Java\bin;C:\WINDOWS\system32;C:\WINDOWS;C:/Program Files/Java/jre1.8.0_241/bin/server;C:/Program Files/Java/jre1.8.0_241/bin;C:/Program Files/Java/jre1.8.0_241/lib/amd64;C:\Program Files (x86)\Common Files\Oracle\Java\javapath;C:\ProgramData\Oracle\Java\javapath;C:\WINDOWS\system32;C:\WINDOWS;C:\WINDOWS\System32\Wbem;C:\WINDOWS\System32\WindowsPowerShell\v1.0\;D:\Software\apache-maven-3.5.0\bin;C:\Program Files\Java\jdk1.8.0_91\bin;C:\Program Files\Git\cmd;C:\WINDOWS\System32\OpenSSH\;C:\Program Files\Intel\WiFi\bin\;C:\Program Files\Common Files\Intel\WirelessCommon\;C:\python38\;C:\python38\Scripts\;C:\python38\Lib\;C:\python38\DLLs\;C:\python38\libs\;;C:\Program Files\Docker\Docker\resources\bin;C:\ProgramData\DockerDesktop\version-bin;C:\python38\Scripts\;C:\python38\;C:\Program Files\Intel\WiFi\bin\;C:\Program Files\Common Files\Intel\WirelessCommon\;C:\Users\admin\AppData\Local\Microsoft\WindowsApps;;D:\Training\Eclipse_my\eclipse-jee-neon-3-win32-x86_64\eclipse;;."/>
    <property name="java.specification.name" value="Java Platform API Specification"/>
    <property name="java.class.version" value="52.0"/>
    <property name="sun.management.compiler" value="HotSpot 64-Bit Tiered Compilers"/>
    <property name="os.version" value="10.0"/>
    <property name="user.home" value="C:\Users\admin"/>
    <property name="user.timezone" value="Asia/Calcutta"/>
    <property name="java.awt.printerjob" value="sun.awt.windows.WPrinterJob"/>
    <property name="java.specification.version" value="1.8"/>
    <property name="file.encoding" value="Cp1252"/>
    <property name="user.name" value="admin"/>
    <property name="java.class.path" value="/D:/Training/Eclipse_my/eclipse-jee-neon-3-win32-x86_64/eclipse/plugins/org.eclipse.m2e.maven.runtime_1.7.0.20160603-1931/jars/plexus-classworlds-2.5.2.jar"/>
    <property name="java.vm.specification.version" value="1.8"/>
    <property name="sun.arch.data.model" value="64"/>
    <property name="java.home" value="C:\Program Files\Java\jre1.8.0_91"/>
    <property name="sun.java.command" value="org.codehaus.plexus.classworlds.launcher.Launcher -B test"/>
    <property name="java.specification.vendor" value="Oracle Corporation"/>
    <property name="user.language" value="en"/>
    <property name="awt.toolkit" value="sun.awt.windows.WToolkit"/>
    <property name="java.vm.info" value="mixed mode"/>
    <property name="java.version" value="1.8.0_91"/>
    <property name="java.ext.dirs" value="C:\Program Files\Java\jre1.8.0_91\lib\ext;C:\WINDOWS\Sun\Java\lib\ext"/>
    <property name="sun.boot.class.path" value="C:\Program Files\Java\jre1.8.0_91\lib\resources.jar;C:\Program Files\Java\jre1.8.0_91\lib\rt.jar;C:\Program Files\Java\jre1.8.0_91\lib\sunrsasign.jar;C:\Program Files\Java\jre1.8.0_91\lib\jsse.jar;C:\Program Files\Java\jre1.8.0_91\lib\jce.jar;C:\Program Files\Java\jre1.8.0_91\lib\charsets.jar;C:\Program Files\Java\jre1.8.0_91\lib\jfr.jar;C:\Program Files\Java\jre1.8.0_91\classes"/>
    <property name="java.vendor" value="Oracle Corporation"/>
    <property name="maven.home" value="D:\IBM\workspace\CucumberLatestBuild\EMBEDDED"/>
    <property name="file.separator" value="\"/>
    <property name="java.vendor.url.bug" value="http://bugreport.sun.com/bugreport/"/>
    <property name="sun.cpu.endian" value="little"/>
    <property name="sun.io.unicode.encoding" value="UnicodeLittle"/>
    <property name="sun.desktop" value="windows"/>
    <property name="sun.cpu.isalist" value="amd64"/>
  </properties>
  <testcase classname="First GET Rest Assured test101" name="Test my Get Method101" time="0.08">
    <skipped/>
    <system-out>
Undefined scenarios:
file:///D:/IBM/workspace/CucumberLatestBuild/src/test/resources/com/basic/getRequestBasicFF/ValidateGetRequest.feature:3# 1.I want to test get request

1 Scenarios (1 undefined)
6 Steps (6 undefined)
0m0.025s


You can implement missing steps with the snippets below:

@Given(&quot;race ciricute application is running&quot;)
public void race_ciricute_application_is_running() {
    // Write code here that turns the phrase above into concrete actions
    throw new io.cucumber.java.PendingException();
}

@When(&quot;I hit get request to get response&quot;)
public void i_hit_get_request_to_get_response() {
    // Write code here that turns the phrase above into concrete actions
    throw new io.cucumber.java.PendingException();
}

@Then(&quot;I validate circuite {string} value as {string} present&quot;)
public void i_validate_circuite_value_as_present(String string, String string2) {
    // Write code here that turns the phrase above into concrete actions
    throw new io.cucumber.java.PendingException();
}

@Then(&quot;I validate circuite id value&quot;)
public void i_validate_circuite_id_value() {
    // Write code here that turns the phrase above into concrete actions
    throw new io.cucumber.java.PendingException();
}



Scenario: Test my Get Method101                                                                                 &amp;#27;[90m# src/test/resources/com/basic/getRequestBasicsFF/GetRequestTesting.feature:4&amp;#27;[0m
  &amp;#27;[33mGiven &amp;#27;[0m&amp;#27;[33muser start the rest asured test&amp;#27;[0m                                                                         &amp;#27;[90m# null&amp;#27;[0m
  &amp;#27;[33mWhen &amp;#27;[0m&amp;#27;[33muser hit the get request&amp;#27;[0m                                                                                 &amp;#27;[90m# null&amp;#27;[0m
  &amp;#27;[33mThen &amp;#27;[0m&amp;#27;[33muser checks the &quot;30&quot; count or size&amp;#27;[0m                                                                       &amp;#27;[90m# null&amp;#27;[0m
  &amp;#27;[33mThen &amp;#27;[0m&amp;#27;[33muser checks data at path &quot;MRData.limit&quot; having value &quot;30&quot; in jason&amp;#27;[0m                                       &amp;#27;[90m# null&amp;#27;[0m
  &amp;#27;[33mThen &amp;#27;[0m&amp;#27;[33muser checks data at path &quot;MRData.CircuitTable.Circuits[0].circuitId&quot; having value &quot;albert_park&quot; in jason&amp;#27;[0m &amp;#27;[90m# null&amp;#27;[0m
  &amp;#27;[33mThen &amp;#27;[0m&amp;#27;[33muser checks data at path &quot;MRData.CircuitTable.Circuits[3].circuitId&quot; having value &quot;MOnaco&quot; in jason&amp;#27;[0m      &amp;#27;[90m# null&amp;#27;[0m
</system-out>
    <system-err>Jul 20, 2020 4:32:48 PM io.cucumber.junit.Cucumber &lt;init&gt;
WARNING: By default Cucumber is running in --non-strict mode.
This default will change to --strict and --non-strict will be removed.
You can use --strict or @CucumberOptions(strict = true) to suppress this warning
</system-err>
  </testcase>
  <testcase classname="First GET Rest Assured test101" name="Test my Get Method101" time="0.066">
    <skipped/>
    <system-out>
Scenario: Test my Get Method101                                                                                 &amp;#27;[90m# src/test/resources/com/basic/getRequestBasicsFF/GetRequestTesting2.feature:4&amp;#27;[0m
  &amp;#27;[33mGiven &amp;#27;[0m&amp;#27;[33muser start the rest asured test&amp;#27;[0m                                                                         &amp;#27;[90m# null&amp;#27;[0m
  &amp;#27;[33mWhen &amp;#27;[0m&amp;#27;[33muser hit the get request&amp;#27;[0m                                                                                 &amp;#27;[90m# null&amp;#27;[0m
  &amp;#27;[33mThen &amp;#27;[0m&amp;#27;[33muser checks the &quot;30&quot; count or size&amp;#27;[0m                                                                       &amp;#27;[90m# null&amp;#27;[0m
  &amp;#27;[33mThen &amp;#27;[0m&amp;#27;[33muser checks data at path &quot;MRData.limit&quot; having value &quot;30&quot; in jason&amp;#27;[0m                                       &amp;#27;[90m# null&amp;#27;[0m
  &amp;#27;[33mThen &amp;#27;[0m&amp;#27;[33muser checks data at path &quot;MRData.CircuitTable.Circuits[0].circuitId&quot; having value &quot;albert_park&quot; in jason&amp;#27;[0m &amp;#27;[90m# null&amp;#27;[0m
  &amp;#27;[33mThen &amp;#27;[0m&amp;#27;[33muser checks data at path &quot;MRData.CircuitTable.Circuits[3].circuitId&quot; having value &quot;BAK&quot; in jason&amp;#27;[0m         &amp;#27;[90m# null&amp;#27;[0m
</system-out>
  </testcase>
  <testcase classname="First GET Rest Assured test101" name="Test my Get Method101" time="0.049">
    <skipped/>
    <system-out>
Scenario: Test my Get Method101                                                                                 &amp;#27;[90m# src/test/resources/com/basic/getRequestBasicsFF/GetRequestTesting3.feature:4&amp;#27;[0m
  &amp;#27;[33mGiven &amp;#27;[0m&amp;#27;[33muser start the rest asured test&amp;#27;[0m                                                                         &amp;#27;[90m# null&amp;#27;[0m
  &amp;#27;[33mWhen &amp;#27;[0m&amp;#27;[33muser hit the get request&amp;#27;[0m                                                                                 &amp;#27;[90m# null&amp;#27;[0m
  &amp;#27;[33mThen &amp;#27;[0m&amp;#27;[33muser checks the &quot;30&quot; count or size&amp;#27;[0m                                                                       &amp;#27;[90m# null&amp;#27;[0m
  &amp;#27;[33mThen &amp;#27;[0m&amp;#27;[33muser checks data at path &quot;MRData.limit&quot; having value &quot;30&quot; in jason&amp;#27;[0m                                       &amp;#27;[90m# null&amp;#27;[0m
  &amp;#27;[33mThen &amp;#27;[0m&amp;#27;[33muser checks data at path &quot;MRData.CircuitTable.Circuits[0].circuitId&quot; having value &quot;albert_park&quot; in jason&amp;#27;[0m &amp;#27;[90m# null&amp;#27;[0m
  &amp;#27;[33mThen &amp;#27;[0m&amp;#27;[33muser checks data at path &quot;MRData.CircuitTable.Circuits[3].circuitId&quot; having value &quot;BAK&quot; in jason&amp;#27;[0m         &amp;#27;[90m# null&amp;#27;[0m
</system-out>
  </testcase>
</testsuite>